[2026-05-02 04:00:10 UTC] editor draft is short but recoverable (505 words); passing to improvement loop


---

[2026-05-02 04:29:07 UTC] scout memo included 2 source URLs; appended 3 deterministic URLs from today's research


---

[2026-05-02 04:30:11 UTC] editor draft is short but recoverable (628 words); passing to improvement loop


---

[2026-05-02 10:41:52 UTC] scout memo included 2 source URLs; appended 3 deterministic URLs from today's research


---

[2026-05-02 10:42:52 UTC] editor duplicate-topic rejection on attempt 1/2: editor generated a topic too similar to recent issue 2026-05-02-am.md: 'How Solo Marketers Can Use AEO Competitor Analysis to Boost Brand Visibility' vs 'How Solo Marketers Can Use AEO Analysis to Boost Brand Visibility' (similarity=0.83)


---

[2026-05-02 10:43:05 UTC] editor duplicate-topic rejection on attempt 2/2: editor generated a topic too similar to recent issue 2026-05-02-am.md: 'How Solo Marketers Can Use AEO Competitor Analysis to Boost Brand Visibility' vs 'How Solo Marketers Can Use AEO Analysis to Boost Brand Visibility' (similarity=0.83)


---

[2026-05-02 10:43:05 UTC] editor exhausted duplicate-topic retries; preserving valid Author draft and passing it to improvement loop


---

[2026-05-02 11:39:54 UTC] scout memo included 2 source URLs; appended 3 deterministic URLs from today's research


---

[2026-05-02 11:40:12 UTC] analyst memo included 2 source URLs; appended 3 deterministic URLs from today's research


---

[2026-05-02 13:10:44 UTC] scout memo included 2 source URLs; appended 3 deterministic URLs from today's research


---

[2026-05-02 13:11:34 UTC] editor draft is short but recoverable (622 words); passing to improvement loop


---

[2026-05-02 18:53:11 UTC] editor draft is short but recoverable (595 words); passing to improvement loop


---

[2026-05-03 03:21:56 UTC] analyst memo included 2 source URLs; appended 5 deterministic URLs from today's research


---

[2026-05-03 03:34:49 UTC] analyst memo included 2 source URLs; appended 5 deterministic URLs from today's research


---

[2026-05-03 03:35:23 UTC] editor draft is short but recoverable (648 words); passing to improvement loop


---

[2026-05-03 13:10:36 UTC] editor draft is short but recoverable (579 words); passing to improvement loop


---

[2026-05-04 13:51:27 UTC] scout memo included 1 source URLs; appended 4 deterministic URLs from today's research


---

[2026-05-04 13:51:37 UTC] analyst memo included 2 source URLs; appended 4 deterministic URLs from today's research


---

[2026-05-04 14:39:18 UTC] scout memo included 1 source URLs; appended 4 deterministic URLs from today's research


---

[2026-05-04 14:39:31 UTC] analyst memo included 1 source URLs; appended 4 deterministic URLs from today's research


---

[2026-05-04 20:03:43 UTC] scout memo included 1 source URLs; appended 4 deterministic URLs from today's research


---

[2026-05-04 20:03:55 UTC] analyst memo included 1 source URLs; appended 4 deterministic URLs from today's research


---

[2026-05-05 13:33:16 UTC] scout memo included 1 source URLs; appended 4 deterministic URLs from today's research


---

[2026-05-05 13:33:44 UTC] analyst memo included 2 source URLs; appended 4 deterministic URLs from today's research


---

[2026-05-05 14:36:44 UTC] scout memo included 1 source URLs; appended 4 deterministic URLs from today's research


---

[2026-05-05 14:37:09 UTC] analyst memo included 2 source URLs; appended 4 deterministic URLs from today's research


---

[2026-05-05 19:08:56 UTC] analyst memo included 2 source URLs; appended 5 deterministic URLs from today's research


---

[2026-05-06 15:13:26 UTC] editor draft is short but recoverable (617 words); passing to improvement loop


---

[2026-05-06 20:29:26 UTC] editor draft is short but recoverable (597 words); passing to improvement loop


---

[2026-05-07 15:14:52 UTC] editor draft is short but recoverable (630 words); passing to improvement loop


---

[2026-05-07 20:02:44 UTC] editor draft is short but recoverable (604 words); passing to improvement loop


---

[2026-05-08 16:58:24 UTC] editor draft is short but recoverable (627 words); passing to improvement loop


---

[2026-05-08 19:56:41 UTC] analyst memo included 1 source URLs; appended 5 deterministic URLs from today's research


---

[2026-05-08 19:57:39 UTC] editor draft is short but recoverable (600 words); passing to improvement loop


---

[2026-05-09 13:58:42 UTC] analyst memo included 2 source URLs; appended 5 deterministic URLs from today's research


---

[2026-05-09 19:41:49 UTC] analyst memo included 2 source URLs; appended 5 deterministic URLs from today's research


---

[2026-05-09 19:42:36 UTC] editor duplicate-topic rejection on attempt 1/2: editor generated a topic too similar to recent issue 2026-05-09-am.md: 'How Solo Founders Can Use AI-Powered Content Repurposing to Maximize Reach and Revenue' vs 'How Solo Founders Can Use AI-Powered Content Repurposing to Maximize Reach and Revenue' (similarity=1.00)


---

[2026-05-09 19:42:50 UTC] editor draft is short but recoverable (561 words); passing to improvement loop


---

[2026-05-09 19:42:50 UTC] editor recovered from duplicate-topic rejection on attempt 2


---

[2026-05-10 18:40:20 UTC] editor duplicate-topic rejection on attempt 1/2: editor generated a topic too similar to recent issue 2026-05-07-pm.md: 'How Solo Founders Can Use AI-Powered Content Distribution to Save Time and Boost Engagement' vs 'How Solo Founders Can Automate Content Distribution to Save Time and Boost Engagement' (similarity=0.78)


---

[2026-05-10 18:40:32 UTC] editor recovered from duplicate-topic rejection on attempt 2


---

[2026-05-10 19:41:53 UTC] editor duplicate-topic rejection on attempt 1/2: editor generated a topic too similar to recent issue 2026-05-09-am.md: 'How Solo Founders Can Use AI-Powered Content Repurposing to Maximize Reach and Revenue' vs 'How Solo Founders Can Use AI-Powered Content Repurposing to Maximize Reach and Revenue' (similarity=1.00)


---

[2026-05-10 19:42:03 UTC] editor draft is short but recoverable (533 words); passing to improvement loop


---

[2026-05-10 19:42:03 UTC] editor recovered from duplicate-topic rejection on attempt 2


---

[2026-05-11 15:45:53 UTC] editor duplicate-topic rejection on attempt 1/2: editor generated a topic too similar to recent issue 2026-05-09-am.md: 'How Solo Founders Can Use AI-Powered Content Repurposing to Maximize Reach and Revenue' vs 'How Solo Founders Can Use AI-Powered Content Repurposing to Maximize Reach and Revenue' (similarity=1.00)


---

[2026-05-11 15:46:07 UTC] editor duplicate-topic rejection on attempt 2/2: editor generated a topic too similar to recent issue 2026-05-09-pm.md: 'How Solo Founders Can Automate Client Follow-Up to Boost Revenue' vs 'How Solo Founders Can Automate Client Follow-Up to Boost Revenue' (similarity=1.00)


---

[2026-05-11 15:46:07 UTC] editor exhausted duplicate-topic retries; preserving valid Author draft and passing it to improvement loop


---

[2026-05-11 20:18:21 UTC] editor draft is short but recoverable (620 words); passing to improvement loop


---

[2026-05-12 17:38:33 UTC] analyst memo included 2 source URLs; appended 5 deterministic URLs from today's research


---

[2026-05-12 17:39:12 UTC] editor duplicate-topic rejection on attempt 1/2: editor generated a topic too similar to recent issue 2026-05-09-am.md: 'How Solo Founders Can Use AI-Powered Content Repurposing to Maximize Reach and Revenue' vs 'How Solo Founders Can Use AI-Powered Content Repurposing to Maximize Reach and Revenue' (similarity=1.00)


---

[2026-05-12 17:39:26 UTC] editor draft is short but recoverable (629 words); passing to improvement loop


---

[2026-05-12 17:39:26 UTC] editor recovered from duplicate-topic rejection on attempt 2


---

[2026-05-12 18:13:44 UTC] author duplicate-topic rejection on attempt 1/3: author generated a topic too similar to recent issue 2026-05-09-pm.md: 'Automate Your Client Follow-Up to Save Time and Boost Revenue' vs 'How Solo Founders Can Automate Client Follow-Up to Boost Revenue' (similarity=0.62)


---

[2026-05-12 18:14:07 UTC] author recovered from duplicate-topic rejection on attempt 2


---

[2026-05-12 18:20:00 UTC] author duplicate-topic rejection on attempt 1/3: author generated a topic too similar to recent issue 2026-05-11-pm.md: 'Use OpusClip to Transform Long-Form Videos into Engaging Short Clips Without Manual Editing' vs 'How Solo Founders Can Use OpusClip to Transform Long-Form Videos into Engaging Short Clips' (similarity=0.67)


---

[2026-05-12 18:20:22 UTC] author recovered from duplicate-topic rejection on attempt 2
